,number,value,datetime_start,datetime_complete,duration,params_alpha,params_batch_size,params_gamma,params_lambda,params_learning_rate,params_rank,state
0,0,0.7196505097464226,2023-03-31 14:50:02.790024,2023-03-31 14:55:31.898159,0 days 00:05:29.108135,0.1832619845547938,2048,0.08003410758548654,1e-05,0.005,55.0,COMPLETE
1,1,0.5028053285526342,2023-03-31 14:55:31.899945,2023-03-31 14:55:55.757866,0 days 00:00:23.857921,0.16120957227224214,2048,0.06552405971872813,1e-05,0.001,90.0,COMPLETE
2,2,0.49893145500250646,2023-03-31 14:55:55.760044,2023-03-31 14:56:16.125394,0 days 00:00:20.365350,0.11613095178849964,1024,0.06877974929188586,0.01,0.01,95.0,COMPLETE
3,3,0.5006682808501722,2023-03-31 14:56:16.126924,2023-03-31 14:56:38.738279,0 days 00:00:22.611355,0.1739263579398302,16384,0.01352690130288886,0.1,0.05,30.0,COMPLETE
4,4,0.49767503763727156,2023-03-31 14:56:38.741022,2023-03-31 14:57:16.414556,0 days 00:00:37.673534,0.17163272041185657,1024,0.0360465483652481,0.1,0.005,30.0,COMPLETE
5,5,0.500701349760044,2023-03-31 14:57:16.417746,2023-03-31 14:57:36.592865,0 days 00:00:20.175119,0.16994792753175042,2048,0.03676932557696203,0.001,0.01,20.0,COMPLETE
6,6,0.505129530931502,2023-03-31 14:57:36.595171,2023-03-31 14:58:06.256958,0 days 00:00:29.661787,0.1428768700945766,2048,0.02219266578002052,0.01,0.01,85.0,COMPLETE
7,7,0.5043148756518765,2023-03-31 14:58:06.258677,2023-03-31 14:58:24.035108,0 days 00:00:17.776431,0.11494483046579938,1024,0.08813134516313928,0.01,0.1,30.0,COMPLETE
8,8,0.5008699790288541,2023-03-31 14:58:24.036028,2023-03-31 14:58:42.127855,0 days 00:00:18.091827,0.11716296772614405,16384,0.056893294558371645,0.001,0.001,20.0,COMPLETE
9,9,0.5013597905493707,2023-03-31 14:58:42.129370,2023-03-31 14:59:07.110555,0 days 00:00:24.981185,0.17301220295167696,1024,0.03807504959316417,1.0,0.005,10.0,COMPLETE
10,10,0.7160870402620533,2023-03-31 14:59:07.112129,2023-03-31 15:01:35.509543,0 days 00:02:28.397414,0.19665795757894142,8192,0.09875955992364374,1e-05,0.005,60.0,COMPLETE
11,11,0.7317851233474567,2023-03-31 15:01:35.511436,2023-03-31 15:06:27.610875,0 days 00:04:52.099439,0.19523250891613195,8192,0.09810884229837141,1e-05,0.005,60.0,COMPLETE
12,12,0.5013727551307087,2023-03-31 15:06:27.612953,2023-03-31 15:06:49.598135,0 days 00:00:21.985182,0.19739375893776584,8192,0.08349291934039173,0.0001,0.005,60.0,COMPLETE
13,13,0.4979139634907957,2023-03-31 15:06:49.600971,2023-03-31 15:07:12.453908,0 days 00:00:22.852937,0.18597384004379297,4096,0.09867775928993942,1e-05,0.005,50.0,COMPLETE
14,14,0.698113298927074,2023-03-31 15:07:12.456134,2023-03-31 15:07:51.562976,0 days 00:00:39.106842,0.18663641407334486,8192,0.0826477441371209,1e-05,0.1,70.0,COMPLETE
15,15,0.7142041860146853,2023-03-31 15:07:51.564843,2023-03-31 15:09:28.438559,0 days 00:01:36.873716,0.19742992027959932,4096,0.07617694369762103,1e-05,0.05,45.0,COMPLETE
16,16,0.505535963379533,2023-03-31 15:09:28.440075,2023-03-31 15:09:46.243329,0 days 00:00:17.803254,0.14941117509087143,2048,0.09151664095687981,0.0001,0.005,75.0,COMPLETE
17,17,0.5034160838790881,2023-03-31 15:09:46.244869,2023-03-31 15:10:29.799488,0 days 00:00:43.554619,0.1865478274206142,8192,0.07545882360056941,1.0,0.005,45.0,COMPLETE
18,18,0.709966997886686,2023-03-31 15:10:29.800460,2023-03-31 15:12:48.650174,0 days 00:02:18.849714,0.15821788968411338,8192,0.09928447265507306,1e-05,0.005,75.0,COMPLETE
19,19,0.6988615113681385,2023-03-31 15:12:48.653398,2023-03-31 15:14:33.989387,0 days 00:01:45.335989,0.18223426060917325,2048,0.08926584157252809,1e-05,0.05,60.0,COMPLETE
20,20,0.6633833962683701,2023-03-31 15:14:33.991657,2023-03-31 15:19:48.687345,0 days 00:05:14.695688,0.199767158252831,16384,0.0786353265475027,1e-05,0.001,40.0,COMPLETE
21,21,0.7326623241453737,2023-03-31 15:19:48.689042,2023-03-31 15:24:48.345688,0 days 00:04:59.656646,0.19375161562160076,8192,0.09661304034253768,1e-05,0.005,60.0,COMPLETE
22,22,0.7366518228960064,2023-03-31 15:24:48.348791,2023-03-31 15:30:20.911962,0 days 00:05:32.563171,0.18871665089064787,8192,0.09198327279257974,1e-05,0.005,65.0,COMPLETE
23,23,0.5055038710425142,2023-03-31 15:30:20.914401,2023-03-31 15:30:45.427314,0 days 00:00:24.512913,0.19117271439718167,8192,0.09291731030115076,1e-05,0.005,70.0,COMPLETE
24,24,0.5015562726499541,2023-03-31 15:30:45.430697,2023-03-31 15:31:07.619617,0 days 00:00:22.188920,0.19219314716825914,8192,0.08929344066693062,1e-05,0.005,80.0,COMPLETE
25,25,0.5024632012482579,2023-03-31 15:31:07.622581,2023-03-31 15:31:30.896302,0 days 00:00:23.273721,0.17879952429803722,8192,0.09607443057706168,1.0,0.1,65.0,COMPLETE
26,26,0.4990577379193427,2023-03-31 15:31:30.898928,2023-03-31 15:32:15.632308,0 days 00:00:44.733380,0.19182478255561278,8192,0.08558243706047669,0.1,0.005,50.0,COMPLETE
27,27,0.5001264379894284,2023-03-31 15:32:15.633826,2023-03-31 15:32:32.373896,0 days 00:00:16.740070,0.17907625256584875,8192,0.09353712076589246,0.001,0.005,40.0,COMPLETE
28,28,0.5025537905554814,2023-03-31 15:32:32.375230,2023-03-31 15:33:08.770590,0 days 00:00:36.395360,0.1994236887548258,8192,0.08589796290534786,0.0001,0.005,65.0,COMPLETE
29,29,0.49997552544387003,2023-03-31 15:33:08.772113,2023-03-31 15:34:05.293487,0 days 00:00:56.521374,0.18838265062704293,4096,0.0998539102959349,1e-05,0.005,55.0,COMPLETE
30,30,0.7195447002565213,2023-03-31 15:34:05.295699,2023-03-31 15:34:45.051372,0 days 00:00:39.755673,0.18164467850095004,8192,0.07957183494279663,1e-05,0.05,100.0,COMPLETE
31,31,0.5001113152077175,2023-03-31 15:34:45.054178,2023-03-31 15:35:07.443854,0 days 00:00:22.389676,0.1926617537108329,2048,0.0927926688151271,1e-05,0.001,55.0,COMPLETE
32,32,0.7273803619821839,2023-03-31 15:35:07.446878,2023-03-31 15:40:13.241454,0 days 00:05:05.794576,0.18295797041286593,2048,0.06927009417670817,1e-05,0.005,85.0,COMPLETE
33,33,0.5030136051413603,2023-03-31 15:40:13.247600,2023-03-31 15:40:41.966063,0 days 00:00:28.718463,0.18560075687683744,2048,0.07084256359207255,1e-05,0.005,90.0,COMPLETE
34,34,0.7515361093682034,2023-03-31 15:40:41.968204,2023-03-31 15:43:52.581243,0 days 00:03:10.613039,0.17794781426778689,8192,0.06364071952304813,1e-05,0.01,80.0,COMPLETE
35,35,0.7258168893502255,2023-03-31 15:43:52.582848,2023-03-31 15:45:29.869271,0 days 00:01:37.286423,0.16572530283585094,8192,0.08320705584272775,1e-05,0.01,75.0,COMPLETE
36,36,0.5020963546037428,2023-03-31 15:45:29.870844,2023-03-31 15:45:49.815619,0 days 00:00:19.944775,0.17535529077723594,8192,0.058834856428597086,0.1,0.01,65.0,COMPLETE
37,37,0.5015335167082542,2023-03-31 15:45:49.816825,2023-03-31 15:46:13.397809,0 days 00:00:23.580984,0.17874458221810666,8192,0.06375573836206479,0.01,0.01,80.0,COMPLETE
38,38,0.7476492750815128,2023-03-31 15:46:13.399591,2023-03-31 15:48:40.606786,0 days 00:02:27.207195,0.19351649845245994,16384,0.073505621933533,1e-05,0.01,95.0,COMPLETE
39,39,0.49864928440124745,2023-03-31 15:48:40.608745,2023-03-31 15:49:04.028879,0 days 00:00:23.420134,0.1904507534803459,16384,0.07335228822243767,0.001,0.01,95.0,COMPLETE
40,40,0.5041639502904015,2023-03-31 15:49:04.031603,2023-03-31 15:49:29.858181,0 days 00:00:25.826578,0.16942243801431536,16384,0.06488102686515795,0.01,0.01,100.0,COMPLETE
41,41,0.7287622933092528,2023-03-31 15:49:29.860268,2023-03-31 15:50:44.823129,0 days 00:01:14.962861,0.19398440538259606,16384,0.08844269455062297,1e-05,0.01,90.0,COMPLETE
42,42,0.7168937035360221,2023-03-31 15:50:44.825332,2023-03-31 15:54:31.478759,0 days 00:03:46.653427,0.1954908654313709,1024,0.0780542807730964,1e-05,0.01,70.0,COMPLETE
43,43,0.7242673886306579,2023-03-31 15:54:31.480549,2023-03-31 15:55:39.850855,0 days 00:01:08.370306,0.18896492916754132,16384,0.09478452481573821,1e-05,0.01,85.0,COMPLETE
44,44,0.6992983162571667,2023-03-31 15:55:39.852754,2023-03-31 15:56:17.693117,0 days 00:00:37.840363,0.17680435717806223,8192,0.0803098664980371,1e-05,0.1,80.0,COMPLETE
45,45,0.5012971912042292,2023-03-31 15:56:17.695117,2023-03-31 15:56:34.479867,0 days 00:00:16.784750,0.19524181469748125,1024,0.05140549746631165,0.1,0.001,60.0,COMPLETE
46,46,0.49874110916284115,2023-03-31 15:56:34.481878,2023-03-31 15:56:52.815726,0 days 00:00:18.333848,0.18307440228864183,16384,0.08658589324807187,1.0,0.01,95.0,COMPLETE
47,47,0.5025339707402984,2023-03-31 15:56:52.818055,2023-03-31 15:57:13.407494,0 days 00:00:20.589439,0.19958189579556915,8192,0.09599084120514907,0.0001,0.01,65.0,COMPLETE
48,48,0.7061538666553695,2023-03-31 15:57:13.410077,2023-03-31 15:58:09.526079,0 days 00:00:56.116002,0.18717097147564093,4096,0.09083666372213409,1e-05,0.05,85.0,COMPLETE
49,49,0.50585616393202,2023-03-31 15:58:09.528510,2023-03-31 15:58:37.482069,0 days 00:00:27.953559,0.17392707978000285,8192,0.083327130859574,0.001,0.005,70.0,COMPLETE
50,50,0.7015885859333769,2023-03-31 15:58:37.483701,2023-03-31 15:59:17.669518,0 days 00:00:40.185817,0.19484598433146552,8192,0.07357642453937786,1e-05,0.1,50.0,COMPLETE
51,51,0.7288380033371827,2023-03-31 15:59:17.671526,2023-03-31 16:00:36.555600,0 days 00:01:18.884074,0.19461772513300699,16384,0.08836533035294683,1e-05,0.01,90.0,COMPLETE
52,52,0.7308057207401908,2023-03-31 16:00:36.557078,2023-03-31 16:01:41.297794,0 days 00:01:04.740716,0.1895679029679084,16384,0.09588073305737792,1e-05,0.01,100.0,COMPLETE
53,53,0.730780265766433,2023-03-31 16:01:41.299983,2023-03-31 16:02:46.546940,0 days 00:01:05.246957,0.18914806668510556,16384,0.09598019539171275,1e-05,0.01,100.0,COMPLETE
54,54,0.7316346926803665,2023-03-31 16:02:46.550861,2023-03-31 16:03:52.056483,0 days 00:01:05.505622,0.18318292572333736,16384,0.09967596300163215,1e-05,0.01,95.0,COMPLETE
55,55,0.5052746173613266,2023-03-31 16:03:52.058592,2023-03-31 16:04:12.250969,0 days 00:00:20.192377,0.18088141550374534,16384,0.09959437271203093,0.01,0.005,75.0,COMPLETE
56,56,0.7025075473958744,2023-03-31 16:04:12.253174,2023-03-31 16:06:48.652949,0 days 00:02:36.399775,0.18496066115761625,1024,0.09082820881396655,1e-05,0.01,95.0,COMPLETE
57,57,0.7357375059217225,2023-03-31 16:06:48.655092,2023-03-31 16:10:59.826811,0 days 00:04:11.171719,0.18380501090557058,8192,0.0917581096441775,1e-05,0.005,60.0,COMPLETE
58,58,0.500102758020134,2023-03-31 16:10:59.828709,2023-03-31 16:11:22.758638,0 days 00:00:22.929929,0.19753245959663923,8192,0.08140897663242655,1e-05,0.005,55.0,COMPLETE
59,59,0.5038114395303116,2023-03-31 16:11:22.760023,2023-03-31 16:12:06.707862,0 days 00:00:43.947839,0.17744215999168855,8192,0.08519940728480317,1.0,0.005,5.0,COMPLETE
60,60,0.501372407819366,2023-03-31 16:12:06.710190,2023-03-31 16:12:28.622543,0 days 00:00:21.912353,0.19168632020701398,8192,0.09289991386839484,0.0001,0.005,60.0,COMPLETE
61,61,0.7325890017227258,2023-03-31 16:12:28.624765,2023-03-31 16:16:40.769077,0 days 00:04:12.144312,0.18483944885964018,8192,0.09743613580065924,1e-05,0.005,60.0,COMPLETE
62,62,0.7307173267994987,2023-03-31 16:16:40.770713,2023-03-31 16:21:42.799391,0 days 00:05:02.028678,0.18600840248000886,8192,0.09657455683334065,1e-05,0.005,45.0,COMPLETE
63,63,0.5001024760699665,2023-03-31 16:21:42.802095,2023-03-31 16:22:05.131656,0 days 00:00:22.329561,0.18080712917175978,8192,0.09088245034641312,1e-05,0.005,55.0,COMPLETE
64,64,0.7344575444359103,2023-03-31 16:22:05.133651,2023-03-31 16:26:37.682924,0 days 00:04:32.549273,0.18898069095964753,8192,0.09369717653891403,1e-05,0.005,60.0,COMPLETE
65,65,0.7356170516838033,2023-03-31 16:26:37.684510,2023-03-31 16:30:29.199055,0 days 00:03:51.514545,0.18834510294684703,8192,0.09387300974507394,1e-05,0.005,65.0,COMPLETE
66,66,0.5055038928295725,2023-03-31 16:30:29.200419,2023-03-31 16:30:52.213855,0 days 00:00:23.013436,0.1917326836308374,8192,0.08842223446091893,1e-05,0.005,70.0,COMPLETE
67,67,0.5024731810025955,2023-03-31 16:30:52.216863,2023-03-31 16:31:19.807368,0 days 00:00:27.590505,0.18745085980363288,4096,0.09322271916874249,0.1,0.001,65.0,COMPLETE
68,68,0.7216594405743679,2023-03-31 16:31:19.810628,2023-03-31 16:33:46.733898,0 days 00:02:26.923270,0.17100965164372023,8192,0.0856281898793337,1e-05,0.005,75.0,COMPLETE
69,69,0.7294619616210252,2023-03-31 16:33:46.736745,2023-03-31 16:35:16.203158,0 days 00:01:29.466413,0.199902658086372,8192,0.077358812491233,1e-05,0.05,50.0,COMPLETE
70,70,0.49964345863410664,2023-03-31 16:35:16.206506,2023-03-31 16:35:46.540342,0 days 00:00:30.333836,0.1804834189501651,8192,0.08133649095314767,0.001,0.005,25.0,COMPLETE
71,71,0.7341022910696458,2023-03-31 16:35:46.542567,2023-03-31 16:39:33.844481,0 days 00:03:47.301914,0.18391139597318185,8192,0.09473766830801209,1e-05,0.005,60.0,COMPLETE
72,72,0.7347842913586498,2023-03-31 16:39:33.846848,2023-03-31 16:44:20.672004,0 days 00:04:46.825156,0.18917148434696887,8192,0.09308883223695501,1e-05,0.005,60.0,COMPLETE
73,73,0.7370136316036651,2023-03-31 16:44:20.673760,2023-03-31 16:50:13.315763,0 days 00:05:52.642003,0.18903829501768393,8192,0.09130895621221671,1e-05,0.005,65.0,COMPLETE
74,74,0.7374757504913674,2023-03-31 16:50:13.337069,2023-03-31 16:55:08.714272,0 days 00:04:55.377203,0.1890345562695127,8192,0.09047641158446385,1e-05,0.005,65.0,COMPLETE
75,75,0.7383339824509705,2023-03-31 16:55:08.717602,2023-03-31 17:00:20.531980,0 days 00:05:11.814378,0.17529287680376185,8192,0.08999665630714236,1e-05,0.005,65.0,COMPLETE
76,76,0.7383624619810705,2023-03-31 17:00:20.535849,2023-03-31 17:04:48.986384,0 days 00:04:28.450535,0.17713488155284748,8192,0.08979017507225415,1e-05,0.005,65.0,COMPLETE
77,77,0.5020534417882506,2023-03-31 17:04:48.990053,2023-03-31 17:05:27.243639,0 days 00:00:38.253586,0.17502745351066773,8192,0.0839637178019849,0.01,0.1,80.0,COMPLETE
78,78,0.5059948167716591,2023-03-31 17:05:27.245579,2023-03-31 17:05:57.069717,0 days 00:00:29.824138,0.17739431153085972,2048,0.08652766043983125,1e-05,0.005,70.0,COMPLETE
79,79,0.7186701241583454,2023-03-31 17:05:57.072512,2023-03-31 17:08:34.893238,0 days 00:02:37.820726,0.16842314792979612,8192,0.0898345345502751,1e-05,0.005,75.0,COMPLETE
80,80,0.5024727183480024,2023-03-31 17:08:34.895744,2023-03-31 17:09:00.225210,0 days 00:00:25.329466,0.17990944350853502,4096,0.08046699149926291,1.0,0.001,65.0,COMPLETE
81,81,0.7396063594772772,2023-03-31 17:09:00.227573,2023-03-31 17:14:27.353980,0 days 00:05:27.126407,0.1733285277463159,8192,0.08783456900715372,1e-05,0.005,65.0,COMPLETE
82,82,0.5055039274325476,2023-03-31 17:14:27.355620,2023-03-31 17:14:49.550922,0 days 00:00:22.195302,0.17304849293041422,8192,0.08795204684937097,1e-05,0.005,70.0,COMPLETE
83,83,0.7424095734036551,2023-03-31 17:14:49.552448,2023-03-31 17:19:36.654317,0 days 00:04:47.101869,0.1761563685252721,8192,0.08435849821534304,1e-05,0.005,65.0,COMPLETE
84,84,0.7429311543000897,2023-03-31 17:19:36.656873,2023-03-31 17:24:27.385086,0 days 00:04:50.728213,0.17672735459914177,8192,0.0833910940629127,1e-05,0.005,65.0,COMPLETE
85,85,0.5027222788492077,2023-03-31 17:24:27.387521,2023-03-31 17:24:51.177020,0 days 00:00:23.789499,0.1722764699370782,1024,0.08262596119433625,0.0001,0.005,65.0,COMPLETE
86,86,0.7468188446900161,2023-03-31 17:24:51.178638,2023-03-31 17:29:10.911718,0 days 00:04:19.733080,0.17637672163516796,8192,0.07599868132406525,1e-05,0.005,75.0,COMPLETE
87,87,0.5015565161523714,2023-03-31 17:29:10.913532,2023-03-31 17:29:31.507363,0 days 00:00:20.593831,0.17578203560864844,8192,0.07905311060236075,1e-05,0.005,80.0,COMPLETE
88,88,0.506540960654049,2023-03-31 17:29:31.510017,2023-03-31 17:29:59.045535,0 days 00:00:27.535518,0.16728549170525495,8192,0.07614672335493447,0.1,0.05,70.0,COMPLETE
89,89,0.748337803798486,2023-03-31 17:29:59.047004,2023-03-31 17:34:53.435093,0 days 00:04:54.388089,0.17044045732524588,8192,0.07348691562728485,1e-05,0.005,75.0,COMPLETE
90,90,0.7000982614275992,2023-03-31 17:34:53.437234,2023-03-31 17:35:30.445368,0 days 00:00:37.008134,0.16557223334429763,8192,0.07498737630030965,1e-05,0.1,80.0,COMPLETE
91,91,0.7485986589670827,2023-03-31 17:35:30.447753,2023-03-31 17:39:51.356718,0 days 00:04:20.908965,0.17112656560039546,8192,0.07291184625102409,1e-05,0.005,75.0,COMPLETE
92,92,0.5016869257943863,2023-03-31 17:39:51.360727,2023-03-31 17:40:12.585805,0 days 00:00:21.225078,0.17100211838128818,8192,0.07212057087534451,1e-05,0.005,85.0,COMPLETE
93,93,0.7494647791234171,2023-03-31 17:40:12.587267,2023-03-31 17:45:04.446029,0 days 00:04:51.858762,0.17510169255762456,8192,0.07083454000852045,1e-05,0.005,75.0,COMPLETE
94,94,0.7503979457479895,2023-03-31 17:45:04.448539,2023-03-31 17:49:16.969802,0 days 00:04:12.521263,0.17321156681229585,8192,0.06897786016553566,1e-05,0.005,75.0,COMPLETE
95,95,0.5052470772379211,2023-03-31 17:49:16.971672,2023-03-31 17:49:39.603358,0 days 00:00:22.631686,0.17365039797219667,8192,0.06762948383583069,0.001,0.005,75.0,COMPLETE
96,96,0.5055536775396016,2023-03-31 17:49:39.605864,2023-03-31 17:50:02.546273,0 days 00:00:22.940409,0.16913946380948247,2048,0.07015772159591478,1e-05,0.005,75.0,COMPLETE
97,97,0.74796386738885,2023-03-31 17:50:02.549121,2023-03-31 17:52:41.579857,0 days 00:02:39.030736,0.16228762723421422,8192,0.06778570230091435,1e-05,0.01,85.0,COMPLETE
98,98,0.5018574697611521,2023-03-31 17:52:41.582514,2023-03-31 17:53:07.242407,0 days 00:00:25.659893,0.1623787783490845,1024,0.06754246890606391,1e-05,0.01,80.0,COMPLETE
99,99,0.5055325248690813,2023-03-31 17:53:07.244336,2023-03-31 17:53:34.705513,0 days 00:00:27.461177,0.1716188515969618,8192,0.0737361757037128,0.01,0.01,85.0,COMPLETE
